<?xml version="1.0" encoding="UTF-8"?>
<!-- Generated by org.testng.reporters.JUnitReportReporter -->
<testsuite skipped="0" hostname="RAJ" name="com.amazontest.SearchAndVerifyProductListTest" tests="1" failures="0" timestamp="2021-11-27T17:31:17 IST" time="3.638" errors="0">
  <testcase name="searchAndVerifyProduct" time="3.638" classname="com.amazontest.SearchAndVerifyProductListTest"/>
  <system-out/>
</testsuite> <!-- com.amazontest.SearchAndVerifyProductListTest -->
