<?xml version="1.0" encoding="UTF-8"?>
<!-- Generated by org.testng.reporters.JUnitReportReporter -->
<testsuite skipped="0" hostname="RAJ" name="com.amazontest.VerifyProductInCartTest" tests="1" failures="0" timestamp="2021-11-27T17:52:12 IST" time="24.255" errors="0">
  <testcase name="searchAndVerifyProduct" time="24.255" classname="com.amazontest.VerifyProductInCartTest"/>
  <system-out/>
</testsuite> <!-- com.amazontest.VerifyProductInCartTest -->
