<?xml version="1.0" encoding="UTF-8"?>
<!-- Generated by org.testng.reporters.JUnitReportReporter -->
<testsuite skipped="0" hostname="RAJ" name="com.amazontest.VerifyPriceChangedTest" tests="1" failures="0" timestamp="2021-11-27T19:11:00 IST" time="30.220" errors="0">
  <testcase name="verifyCartPrice" time="30.220" classname="com.amazontest.VerifyPriceChangedTest"/>
  <system-out/>
</testsuite> <!-- com.amazontest.VerifyPriceChangedTest -->
